<?xml version="1.0" encoding="UTF-8"?>
<!-- Generated by org.testng.reporters.JUnitReportReporter -->
<testsuite hostname="DESKTOP-L9JMAV8" failures="0" tests="3" name="MyClass" time="15.989" errors="0" timestamp="2023-10-24T12:53:24 EET" skipped="0">
  <testcase classname="MyClass" name="LoginWithStandardUSer" time="3.228"/>
  <system-out/>
  <testcase classname="MyClass" name="LoginWithPerformanceUser" time="8.483"/>
  <system-out/>
  <testcase classname="MyClass" name="LoginWithProblemUser" time="4.278"/>
  <system-out/>
</testsuite> <!-- MyClass -->
